<?xml version="1.0" encoding="UTF-8"?>
<testng-results ignored="0" total="9" passed="9" failed="0" skipped="0">
  <reporter-output>
  </reporter-output>
  <suite started-at="2022-11-12T14:18:02 IST" name="Default suite" finished-at="2022-11-12T14:18:36 IST" duration-ms="33539">
    <groups>
    </groups>
    <test started-at="2022-11-12T14:18:02 IST" name="Default test" finished-at="2022-11-12T14:18:36 IST" duration-ms="33539">
      <class name="com.sgtesting.tests.testcases.Assignment1">
        <test-method signature="launchbrowser()[pri:1, instance:com.sgtesting.tests.testcases.Assignment1@47e2e487]" started-at="2022-11-12T14:18:02 IST" name="launchbrowser" finished-at="2022-11-12T14:18:04 IST" duration-ms="1779" status="PASS">
          <reporter-output>
          </reporter-output>
        </test-method> <!-- launchbrowser -->
        <test-method signature="navigate()[pri:2, instance:com.sgtesting.tests.testcases.Assignment1@47e2e487]" started-at="2022-11-12T14:18:04 IST" name="navigate" finished-at="2022-11-12T14:18:10 IST" duration-ms="5776" status="PASS">
          <reporter-output>
          </reporter-output>
        </test-method> <!-- navigate -->
        <test-method signature="login(java.lang.String,java.lang.String)[pri:3, instance:com.sgtesting.tests.testcases.Assignment1@47e2e487]" started-at="2022-11-12T14:18:10 IST" name="login" data-provider="login" finished-at="2022-11-12T14:18:17 IST" duration-ms="7271" status="PASS">
          <params>
            <param index="0">
              <value>
                <![CDATA[admin]]>
              </value>
            </param>
            <param index="1">
              <value>
                <![CDATA[manager]]>
              </value>
            </param>
          </params>
          <reporter-output>
          </reporter-output>
        </test-method> <!-- login -->
        <test-method signature="minimize()[pri:4, instance:com.sgtesting.tests.testcases.Assignment1@47e2e487]" started-at="2022-11-12T14:18:17 IST" name="minimize" finished-at="2022-11-12T14:18:22 IST" duration-ms="5124" status="PASS">
          <reporter-output>
          </reporter-output>
        </test-method> <!-- minimize -->
        <test-method signature="CreateUser(java.lang.String,java.lang.String,java.lang.String,java.lang.String,java.lang.String,java.lang.String,java.lang.String)[pri:5, instance:com.sgtesting.tests.testcases.Assignment1@47e2e487]" started-at="2022-11-12T14:18:22 IST" name="CreateUser" data-provider="Createuser" finished-at="2022-11-12T14:18:33 IST" duration-ms="10711" status="PASS">
          <params>
            <param index="0">
              <value>
                <![CDATA[Rajendra]]>
              </value>
            </param>
            <param index="1">
              <value>
                <![CDATA[Rajesh]]>
              </value>
            </param>
            <param index="2">
              <value>
                <![CDATA[M]]>
              </value>
            </param>
            <param index="3">
              <value>
                <![CDATA[rajendra@gmail]]>
              </value>
            </param>
            <param index="4">
              <value>
                <![CDATA[santhu]]>
              </value>
            </param>
            <param index="5">
              <value>
                <![CDATA[ganu123]]>
              </value>
            </param>
            <param index="6">
              <value>
                <![CDATA[ganu123]]>
              </value>
            </param>
          </params>
          <reporter-output>
          </reporter-output>
        </test-method> <!-- CreateUser -->
        <test-method signature="ModifyUser(java.lang.String,java.lang.String)[pri:6, instance:com.sgtesting.tests.testcases.Assignment1@47e2e487]" started-at="2022-11-12T14:18:33 IST" name="ModifyUser" data-provider="modifyuser" finished-at="2022-11-12T14:18:33 IST" duration-ms="38" status="PASS">
          <params>
            <param index="0">
              <value>
                <![CDATA[raj120]]>
              </value>
            </param>
            <param index="1">
              <value>
                <![CDATA[paku123]]>
              </value>
            </param>
          </params>
          <reporter-output>
          </reporter-output>
        </test-method> <!-- ModifyUser -->
        <test-method signature="DeleteUser()[pri:7, instance:com.sgtesting.tests.testcases.Assignment1@47e2e487]" started-at="2022-11-12T14:18:33 IST" name="DeleteUser" finished-at="2022-11-12T14:18:34 IST" duration-ms="1160" status="PASS">
          <reporter-output>
          </reporter-output>
        </test-method> <!-- DeleteUser -->
        <test-method signature="Logout()[pri:8, instance:com.sgtesting.tests.testcases.Assignment1@47e2e487]" started-at="2022-11-12T14:18:34 IST" name="Logout" finished-at="2022-11-12T14:18:35 IST" duration-ms="1168" status="PASS">
          <reporter-output>
          </reporter-output>
        </test-method> <!-- Logout -->
        <test-method signature="CloseApplication()[pri:9, instance:com.sgtesting.tests.testcases.Assignment1@47e2e487]" started-at="2022-11-12T14:18:35 IST" name="CloseApplication" finished-at="2022-11-12T14:18:36 IST" duration-ms="404" status="PASS">
          <reporter-output>
          </reporter-output>
        </test-method> <!-- CloseApplication -->
      </class> <!-- com.sgtesting.tests.testcases.Assignment1 -->
    </test> <!-- Default test -->
  </suite> <!-- Default suite -->
</testng-results>
