<?xml version="1.0" encoding="UTF-8"?>
<!-- Generated by org.testng.reporters.JUnitXMLReporter -->
<testsuite ignored="0" hostname="RAJENDRA" failures="0" tests="9" name="Default test" time="33.942" errors="0" timestamp="2022-11-15T15:28:00 IST">
  <testcase classname="loginlogoutscenario.CustomerModify5" name="launchBrowser" time="2.056"/>
  <testcase classname="loginlogoutscenario.CustomerModify5" name="navigate" time="5.723"/>
  <testcase classname="loginlogoutscenario.CustomerModify5" name="login" time="5.234"/>
  <testcase classname="loginlogoutscenario.CustomerModify5" name="minimizeFlyOutwindow" time="4.091"/>
  <testcase classname="loginlogoutscenario.CustomerModify5" name="createCustomer" time="5.902"/>
  <testcase classname="loginlogoutscenario.CustomerModify5" name="modifyCustomer" time="2.099"/>
  <testcase classname="loginlogoutscenario.CustomerModify5" name="deleteCustomer" time="6.292"/>
  <testcase classname="loginlogoutscenario.CustomerModify5" name="logout" time="2.224"/>
  <testcase classname="loginlogoutscenario.CustomerModify5" name="closeApp" time="0.26"/>
</testsuite> <!-- Default test -->
