<?xml version="1.0" encoding="UTF-8"?>
<testng-results skipped="0" failed="0" ignored="0" total="1" passed="1">
  <reporter-output>
  </reporter-output>
  <suite name="Default suite" duration-ms="25332" started-at="2022-11-23T08:12:50 IST" finished-at="2022-11-23T08:13:15 IST">
    <groups>
    </groups>
    <test name="Default test" duration-ms="25332" started-at="2022-11-23T08:12:50 IST" finished-at="2022-11-23T08:13:15 IST">
      <class name="com.sgtesting.actitime.driverscript.DriverScript">
        <test-method status="PASS" signature="setUpClass()[pri:0, instance:com.sgtesting.actitime.driverscript.DriverScript@727803de]" name="setUpClass" is-config="true" duration-ms="257" started-at="2022-11-23T08:12:50 IST" finished-at="2022-11-23T08:12:50 IST">
          <reporter-output>
          </reporter-output>
        </test-method> <!-- setUpClass -->
        <test-method status="PASS" signature="feature(cucumber.api.testng.CucumberFeatureWrapper)[pri:0, instance:com.sgtesting.actitime.driverscript.DriverScript@727803de]" name="feature" duration-ms="24934" started-at="2022-11-23T08:12:50 IST" data-provider="features" finished-at="2022-11-23T08:13:15 IST">
          <params>
            <param index="0">
              <value>
                <![CDATA[Login and Logout functionality]]>
              </value>
            </param>
          </params>
          <reporter-output>
          </reporter-output>
        </test-method> <!-- feature -->
        <test-method status="PASS" signature="tearDownClass()[pri:0, instance:com.sgtesting.actitime.driverscript.DriverScript@727803de]" name="tearDownClass" is-config="true" duration-ms="12" started-at="2022-11-23T08:13:15 IST" finished-at="2022-11-23T08:13:15 IST">
          <reporter-output>
          </reporter-output>
        </test-method> <!-- tearDownClass -->
      </class> <!-- com.sgtesting.actitime.driverscript.DriverScript -->
    </test> <!-- Default test -->
  </suite> <!-- Default suite -->
</testng-results>
