<?xml version="1.0" encoding="UTF-8"?>
<testng-results skipped="0" failed="0" ignored="0" total="0" passed="0">
  <reporter-output>
  </reporter-output>
  <suite name="Rajendra" duration-ms="215" started-at="2022-11-22T13:36:21 IST" finished-at="2022-11-22T13:36:21 IST">
    <groups>
    </groups>
    <test name="aaa" duration-ms="215" started-at="2022-11-22T13:36:21 IST" finished-at="2022-11-22T13:36:21 IST">
      <class name="com.sgtesting.actitime.driverscript.DriverScript">
        <test-method status="PASS" signature="setUpClass()[pri:0, instance:com.sgtesting.actitime.driverscript.DriverScript@10dba097]" name="setUpClass" is-config="true" duration-ms="167" started-at="2022-11-22T13:36:21 IST" finished-at="2022-11-22T13:36:21 IST">
          <reporter-output>
          </reporter-output>
        </test-method> <!-- setUpClass -->
        <test-method status="PASS" signature="tearDownClass()[pri:0, instance:com.sgtesting.actitime.driverscript.DriverScript@10dba097]" name="tearDownClass" is-config="true" duration-ms="10" started-at="2022-11-22T13:36:21 IST" finished-at="2022-11-22T13:36:21 IST">
          <reporter-output>
          </reporter-output>
        </test-method> <!-- tearDownClass -->
      </class> <!-- com.sgtesting.actitime.driverscript.DriverScript -->
    </test> <!-- aaa -->
  </suite> <!-- Rajendra -->
</testng-results>
