<?xml version="1.0" encoding="UTF-8"?>
<!-- Generated by org.testng.reporters.JUnitXMLReporter -->
<testsuite ignored="0" hostname="RAJENDRA" failures="0" tests="9" name="aaa" time="36.088" errors="0" timestamp="2022-11-10T14:27:46 IST">
  <testcase classname="loginlogoutscenario.Assignments5" name="launchbrowser" time="1.754"/>
  <testcase classname="loginlogoutscenario.Assignments5" name="navigation" time="0.837"/>
  <testcase classname="loginlogoutscenario.Assignments5" name="login" time="6.511"/>
  <testcase classname="loginlogoutscenario.Assignments5" name="opentask" time="5.573"/>
  <testcase classname="loginlogoutscenario.Assignments5" name="createcustomer" time="8.305"/>
  <testcase classname="loginlogoutscenario.Assignments5" name="modifyuser" time="6.4"/>
  <testcase classname="loginlogoutscenario.Assignments5" name="deletecustomer" time="6.295"/>
  <testcase classname="loginlogoutscenario.Assignments5" name="logout" time="0.193"/>
  <testcase classname="loginlogoutscenario.Assignments5" name="closeapp" time="0.151"/>
</testsuite> <!-- aaa -->
