<?xml version="1.0" encoding="UTF-8"?>
<testng-results ignored="0" total="2" passed="2" failed="0" skipped="0">
  <reporter-output>
  </reporter-output>
  <suite started-at="2022-11-09T15:07:07 IST" name="Default suite" finished-at="2022-11-09T15:07:07 IST" duration-ms="68">
    <groups>
    </groups>
    <test started-at="2022-11-09T15:07:07 IST" name="Default test" finished-at="2022-11-09T15:07:07 IST" duration-ms="68">
      <class name="com.sgtesting.testng.AssertEqualsDemo">
        <test-method signature="assertEqualsDemo()[pri:0, instance:com.sgtesting.testng.AssertEqualsDemo@61d6015a]" started-at="2022-11-09T15:07:07 IST" name="assertEqualsDemo" finished-at="2022-11-09T15:07:07 IST" duration-ms="14" status="PASS">
          <reporter-output>
          </reporter-output>
        </test-method> <!-- assertEqualsDemo -->
        <test-method signature="assertNotEqualsDemo()[pri:0, instance:com.sgtesting.testng.AssertEqualsDemo@61d6015a]" started-at="2022-11-09T15:07:07 IST" name="assertNotEqualsDemo" finished-at="2022-11-09T15:07:07 IST" duration-ms="3" status="PASS">
          <reporter-output>
          </reporter-output>
        </test-method> <!-- assertNotEqualsDemo -->
      </class> <!-- com.sgtesting.testng.AssertEqualsDemo -->
    </test> <!-- Default test -->
  </suite> <!-- Default suite -->
</testng-results>
