<?xml version="1.0" encoding="UTF-8"?>
<!-- Generated by org.testng.reporters.JUnitXMLReporter -->
<testsuite ignored="0" hostname="RAJENDRA" failures="0" tests="3" name="Users" time="0.047" errors="0" timestamp="2022-11-22T12:34:40 IST">
  <testcase classname="com.sgtseting.actitime.stepdefination.Users" name="createUser" time="0.008"/>
  <testcase classname="com.sgtseting.actitime.stepdefination.Users" name="deleteUser" time="0.001"/>
  <testcase classname="com.sgtseting.actitime.stepdefination.Users" name="modifyUser" time="0.001"/>
</testsuite> <!-- Users -->
