<?xml version="1.0" encoding="UTF-8"?>
<!-- Generated by org.testng.reporters.JUnitXMLReporter -->
<testsuite ignored="0" hostname="RAJENDRA" failures="0" tests="9" name="Users" time="33.323" errors="0" timestamp="2022-11-12T14:16:55 IST">
  <testcase classname="com.sgtesting.tests.testcases.Assignment1" name="launchbrowser" time="2.017"/>
  <testcase classname="com.sgtesting.tests.testcases.Assignment1" name="navigate" time="5.735"/>
  <testcase classname="com.sgtesting.tests.testcases.Assignment1" name="login" time="7.184"/>
  <testcase classname="com.sgtesting.tests.testcases.Assignment1" name="minimize" time="5.086"/>
  <testcase classname="com.sgtesting.tests.testcases.Assignment1" name="CreateUser" time="10.594"/>
  <testcase classname="com.sgtesting.tests.testcases.Assignment1" name="ModifyUser" time="0.064"/>
  <testcase classname="com.sgtesting.tests.testcases.Assignment1" name="DeleteUser" time="1.117"/>
  <testcase classname="com.sgtesting.tests.testcases.Assignment1" name="Logout" time="1.099"/>
  <testcase classname="com.sgtesting.tests.testcases.Assignment1" name="CloseApplication" time="0.348"/>
</testsuite> <!-- Users -->
