<?xml version="1.0" encoding="UTF-8"?>
<!-- Generated by org.testng.reporters.JUnitXMLReporter -->
<testsuite ignored="0" hostname="RAJENDRA" failures="0" tests="9" name="Default test" time="33.539" errors="0" timestamp="2022-11-12T14:18:36 IST">
  <testcase classname="com.sgtesting.tests.testcases.Assignment1" name="launchbrowser" time="1.779"/>
  <testcase classname="com.sgtesting.tests.testcases.Assignment1" name="navigate" time="5.776"/>
  <testcase classname="com.sgtesting.tests.testcases.Assignment1" name="login" time="7.271"/>
  <testcase classname="com.sgtesting.tests.testcases.Assignment1" name="minimize" time="5.124"/>
  <testcase classname="com.sgtesting.tests.testcases.Assignment1" name="CreateUser" time="10.711"/>
  <testcase classname="com.sgtesting.tests.testcases.Assignment1" name="ModifyUser" time="0.038"/>
  <testcase classname="com.sgtesting.tests.testcases.Assignment1" name="DeleteUser" time="1.16"/>
  <testcase classname="com.sgtesting.tests.testcases.Assignment1" name="Logout" time="1.168"/>
  <testcase classname="com.sgtesting.tests.testcases.Assignment1" name="CloseApplication" time="0.404"/>
</testsuite> <!-- Default test -->
