<?xml version="1.0" encoding="UTF-8"?>
<testng-results ignored="0" total="9" passed="9" failed="0" skipped="0">
  <reporter-output>
  </reporter-output>
  <suite started-at="2022-11-15T15:27:26 IST" name="Default suite" finished-at="2022-11-15T15:28:00 IST" duration-ms="33942">
    <groups>
    </groups>
    <test started-at="2022-11-15T15:27:26 IST" name="Default test" finished-at="2022-11-15T15:28:00 IST" duration-ms="33942">
      <class name="loginlogoutscenario.CustomerModify5">
        <test-method signature="launchBrowser()[pri:1, instance:loginlogoutscenario.CustomerModify5@16610890]" started-at="2022-11-15T15:27:26 IST" name="launchBrowser" finished-at="2022-11-15T15:27:28 IST" duration-ms="2056" status="PASS">
          <reporter-output>
          </reporter-output>
        </test-method> <!-- launchBrowser -->
        <test-method signature="navigate()[pri:2, instance:loginlogoutscenario.CustomerModify5@16610890]" started-at="2022-11-15T15:27:28 IST" name="navigate" finished-at="2022-11-15T15:27:34 IST" duration-ms="5723" status="PASS">
          <reporter-output>
          </reporter-output>
        </test-method> <!-- navigate -->
        <test-method signature="login(java.lang.String,java.lang.String)[pri:3, instance:loginlogoutscenario.CustomerModify5@16610890]" started-at="2022-11-15T15:27:34 IST" name="login" data-provider="login" finished-at="2022-11-15T15:27:39 IST" duration-ms="5234" status="PASS">
          <params>
            <param index="0">
              <value>
                <![CDATA[admin]]>
              </value>
            </param>
            <param index="1">
              <value>
                <![CDATA[manager]]>
              </value>
            </param>
          </params>
          <reporter-output>
          </reporter-output>
        </test-method> <!-- login -->
        <test-method signature="minimizeFlyOutwindow()[pri:4, instance:loginlogoutscenario.CustomerModify5@16610890]" started-at="2022-11-15T15:27:39 IST" name="minimizeFlyOutwindow" finished-at="2022-11-15T15:27:44 IST" duration-ms="4091" status="PASS">
          <reporter-output>
          </reporter-output>
        </test-method> <!-- minimizeFlyOutwindow -->
        <test-method signature="createCustomer(java.lang.String,java.lang.String)[pri:5, instance:loginlogoutscenario.CustomerModify5@16610890]" started-at="2022-11-15T15:27:44 IST" name="createCustomer" data-provider="createuser" finished-at="2022-11-15T15:27:49 IST" duration-ms="5902" status="PASS">
          <params>
            <param index="0">
              <value>
                <![CDATA[Wonderla]]>
              </value>
            </param>
            <param index="1">
              <value>
                <![CDATA[Amusment park Ticketing Software]]>
              </value>
            </param>
          </params>
          <reporter-output>
          </reporter-output>
        </test-method> <!-- createCustomer -->
        <test-method signature="modifyCustomer(java.lang.String)[pri:6, instance:loginlogoutscenario.CustomerModify5@16610890]" started-at="2022-11-15T15:27:49 IST" name="modifyCustomer" data-provider="modifycus" finished-at="2022-11-15T15:27:52 IST" duration-ms="2099" status="PASS">
          <params>
            <param index="0">
              <value>
                <![CDATA[Wonderla1]]>
              </value>
            </param>
          </params>
          <reporter-output>
          </reporter-output>
        </test-method> <!-- modifyCustomer -->
        <test-method signature="deleteCustomer()[pri:7, instance:loginlogoutscenario.CustomerModify5@16610890]" started-at="2022-11-15T15:27:52 IST" name="deleteCustomer" finished-at="2022-11-15T15:27:58 IST" duration-ms="6292" status="PASS">
          <reporter-output>
          </reporter-output>
        </test-method> <!-- deleteCustomer -->
        <test-method signature="logout()[pri:8, instance:loginlogoutscenario.CustomerModify5@16610890]" started-at="2022-11-15T15:27:58 IST" name="logout" finished-at="2022-11-15T15:28:00 IST" duration-ms="2224" status="PASS">
          <reporter-output>
          </reporter-output>
        </test-method> <!-- logout -->
        <test-method signature="closeApp()[pri:9, instance:loginlogoutscenario.CustomerModify5@16610890]" started-at="2022-11-15T15:28:00 IST" name="closeApp" finished-at="2022-11-15T15:28:00 IST" duration-ms="260" status="PASS">
          <reporter-output>
          </reporter-output>
        </test-method> <!-- closeApp -->
      </class> <!-- loginlogoutscenario.CustomerModify5 -->
    </test> <!-- Default test -->
  </suite> <!-- Default suite -->
</testng-results>
